c:\users\admin\source\repos\injbot\injbot\debug\injbot.pch
c:\users\admin\source\repos\injbot\injbot\debug\vc142.pdb
c:\users\admin\source\repos\injbot\injbot\debug\vc142.idb
c:\users\admin\source\repos\injbot\injbot\debug\pch.obj
c:\users\admin\source\repos\injbot\injbot\debug\gui.obj
c:\users\admin\source\repos\injbot\injbot\debug\hook.obj
c:\users\admin\source\repos\injbot\injbot\debug\dllmain.obj
c:\users\admin\source\repos\injbot\injbot\debug\vcpkg.applocal.log
c:\users\admin\source\repos\injbot\debug\injbot.pdb
c:\users\admin\source\repos\injbot\injbot\debug\injbot.tlog\cl.command.1.tlog
c:\users\admin\source\repos\injbot\injbot\debug\injbot.tlog\cl.read.1.tlog
c:\users\admin\source\repos\injbot\injbot\debug\injbot.tlog\cl.write.1.tlog
c:\users\admin\source\repos\injbot\injbot\debug\injbot.tlog\injbot.write.1u.tlog
c:\users\admin\source\repos\injbot\injbot\debug\injbot.tlog\link-cvtres.read.1.tlog
c:\users\admin\source\repos\injbot\injbot\debug\injbot.tlog\link-cvtres.write.1.tlog
c:\users\admin\source\repos\injbot\injbot\debug\injbot.tlog\link-rc.read.1.tlog
c:\users\admin\source\repos\injbot\injbot\debug\injbot.tlog\link-rc.write.1.tlog
c:\users\admin\source\repos\injbot\injbot\debug\injbot.tlog\link.26272-cvtres.read.1.tlog
c:\users\admin\source\repos\injbot\injbot\debug\injbot.tlog\link.26272-cvtres.write.1.tlog
c:\users\admin\source\repos\injbot\injbot\debug\injbot.tlog\link.26272-rc.read.1.tlog
c:\users\admin\source\repos\injbot\injbot\debug\injbot.tlog\link.26272-rc.write.1.tlog
c:\users\admin\source\repos\injbot\injbot\debug\injbot.tlog\link.26272.read.1.tlog
c:\users\admin\source\repos\injbot\injbot\debug\injbot.tlog\link.26272.write.1.tlog
c:\users\admin\source\repos\injbot\injbot\debug\injbot.tlog\link.command.1.tlog
c:\users\admin\source\repos\injbot\injbot\debug\injbot.tlog\link.read.1.tlog
c:\users\admin\source\repos\injbot\injbot\debug\injbot.tlog\link.write.1.tlog
